<?xml version="1.0" encoding="UTF-8"?>
<!-- Generated by org.testng.reporters.JUnitXMLReporter -->
<testsuite ignored="0" hostname="LaptopThu" failures="1" tests="2" name="Run On Chrome" time="10.046" errors="0" timestamp="02 Sep 2022 10:11:58 GMT">
  <testcase classname="com.nopcommerce.practice.Level_09_Log_Extentv5" name="User_01_Register" time="3.42">
    <failure type="java.lang.AssertionError" message="expected [Your registration complete] but found [Your registration completed]">
      <![CDATA[java.lang.AssertionError: expected [Your registration complete] but found [Your registration completed]
at com.nopcommerce.practice.Level_09_Log_Extentv5.User_01_Register(Level_09_Log_Extentv5.java:70)
... Removed 31 stack frames]]>
    </failure>
  </testcase> <!-- User_01_Register -->
  <testcase classname="com.nopcommerce.practice.Level_09_Log_Extentv5" name="User_02_Login_Success" time="2.674"/>
</testsuite> <!-- Run On Chrome -->
